<?xml version="1.0" encoding="UTF-8"?>
<!-- Generated by org.testng.reporters.JUnitReportReporter -->
<testsuite name="com.tester.cases.LoginTest" tests="2" time="0.144" ignored="0" failures="0" timestamp="18 八月 2022 15:03:50 GMT" skipped="0" hostname="smallyong" errors="0">
  <testcase name="getUser" time="0.135" classname="com.tester.cases.LoginTest"/>
  <testcase name="getUserList" time="0.009" classname="com.tester.cases.LoginTest"/>
</testsuite> <!-- com.tester.cases.LoginTest -->
